<?xml version="1.0" encoding="UTF-8"?>
<!-- Generated by org.testng.reporters.JUnitReportReporter -->
<testsuite hostname="IBSNOINB11179" failures="0" tests="4" name="TestRunnerClasses.TestNG" time="95.207" errors="0" timestamp="2024-12-31T17:07:40 IST" skipped="0">
  <testcase classname="TestRunnerClasses.TestNG" name="registerNewUser" time="27.726"/>
  <system-out/>
  <testcase classname="TestRunnerClasses.TestNG" name="loginTheUser" time="13.733"/>
  <system-out/>
  <testcase classname="TestRunnerClasses.TestNG" name="addNewAddress" time="24.499"/>
  <system-out/>
  <testcase classname="TestRunnerClasses.TestNG" name="placeTheOrder" time="29.249"/>
  <system-out/>
</testsuite> <!-- TestRunnerClasses.TestNG -->
