<?xml version="1.0" encoding="UTF-8"?>
<!-- Generated by org.testng.reporters.JUnitReportReporter -->
<testsuite hostname="IBSNOINB11179" failures="0" tests="3" name="com.selenium.fta.TestNG.TestNG" time="36.435" errors="0" timestamp="2024-08-19T16:02:26 IST" skipped="0">
  <testcase classname="com.selenium.fta.TestNG.TestNG" name="signupuser" time="1.897"/>
  <testcase classname="com.selenium.fta.TestNG.TestNG" name="loginUser" time="1.447"/>
  <testcase classname="com.selenium.fta.TestNG.TestNG" name="placing_order" time="33.091"/>
</testsuite> <!-- com.selenium.fta.TestNG.TestNG -->
