<?xml version="1.0" encoding="UTF-8"?>
<!-- Generated by org.testng.reporters.JUnitReportReporter -->
<testsuite hostname="IBSNOINB11179" failures="0" tests="3" name="com.selenium.fta.TestNG.TestNG" time="31.708" errors="0" timestamp="2024-08-26T22:21:02 IST" skipped="0">
  <testcase classname="com.selenium.fta.TestNG.TestNG" name="signupuser" time="5.551"/>
  <testcase classname="com.selenium.fta.TestNG.TestNG" name="loginUser" time="2.092"/>
  <testcase classname="com.selenium.fta.TestNG.TestNG" name="placing_order" time="24.065"/>
</testsuite> <!-- com.selenium.fta.TestNG.TestNG -->
