<?xml version="1.0" encoding="UTF-8"?>
<!-- Generated by org.testng.reporters.JUnitReportReporter -->
<testsuite hostname="IBSNOINB11179" failures="0" tests="1" name="Excel.MyTest" time="0.006" errors="0" timestamp="2024-10-21T17:01:12 IST" skipped="0">
  <testcase classname="Excel.MyTest" name="testWithGroups" time="0.006"/>
</testsuite> <!-- Excel.MyTest -->
