<?xml version="1.0" encoding="UTF-8"?>
<!-- Generated by org.testng.reporters.JUnitReportReporter -->
<testsuite hostname="IBSNOINB11179" failures="0" tests="1" name="TestRunnerClasses.TestNG" time="20.703" errors="0" timestamp="2024-11-11T14:29:41 IST" skipped="0">
  <testcase classname="TestRunnerClasses.TestNG" name="loginTheUser" time="20.703"/>
</testsuite> <!-- TestRunnerClasses.TestNG -->
