<?xml version="1.0" encoding="UTF-8"?>
<!-- Generated by org.testng.reporters.JUnitReportReporter -->
<testsuite hostname="IBSNOINB11179" failures="0" tests="4" name="com.selenium.fta.TestNG.TestNG" time="94.457" errors="0" timestamp="2024-10-15T10:08:25 IST" skipped="0">
  <testcase classname="com.selenium.fta.TestNG.TestNG" name="signupuser" time="20.914"/>
  <testcase classname="com.selenium.fta.TestNG.TestNG" name="loginUser" time="16.742"/>
  <testcase classname="com.selenium.fta.TestNG.TestNG" name="Add_new_address" time="26.938"/>
  <testcase classname="com.selenium.fta.TestNG.TestNG" name="placing_order" time="29.863"/>
</testsuite> <!-- com.selenium.fta.TestNG.TestNG -->
