<?xml version="1.0" encoding="UTF-8"?>
<!-- Generated by org.testng.reporters.JUnitReportReporter -->
<testsuite hostname="IBSNOINB11179" failures="0" tests="1" name="com.selenium.fta.TestNG.TestNG" time="3.410" errors="0" timestamp="2024-09-02T14:47:32 IST" skipped="0">
  <testcase classname="com.selenium.fta.TestNG.TestNG" name="signupuser" time="3.410"/>
</testsuite> <!-- com.selenium.fta.TestNG.TestNG -->
